\BOOKMARK [1][-]{section.1}{\376\377\000R\000e\000v\000i\000e\000w}{}% 1
\BOOKMARK [2][-]{subsection.1.1}{\376\377\000C\000o\000n\000v\000e\000r\000t\000i\000n\000g\000\040\000B\000e\000t\000w\000e\000e\000n\000\040\000B\000i\000n\000a\000r\000y\000,\000\040\000H\000e\000x\000a\000d\000e\000c\000i\000m\000a\000l\000,\000\040\000a\000n\000d\000\040\000D\000e\000c\000i\000m\000a\000l}{section.1}% 2
\BOOKMARK [2][-]{subsection.1.2}{\376\377\000L\000i\000t\000t\000l\000e\000-\000e\000n\000d\000i\000a\000n\000\040\000a\000n\000d\000\040\000B\000i\000g\000-\000e\000n\000d\000i\000a\000n}{section.1}% 3
\BOOKMARK [2][-]{subsection.1.3}{\376\377\000M\000e\000m\000o\000r\000y}{section.1}% 4
\BOOKMARK [1][-]{section.2}{\376\377\000W\000h\000y\000\040\000S\000y\000s\000t\000e\000m\000s\000\040\000S\000o\000f\000t\000w\000a\000r\000e\000?}{}% 5
\BOOKMARK [2][-]{subsection.2.1}{\376\377\000T\000h\000r\000e\000e\000\040\000O\000S\000\040\000C\000o\000n\000c\000e\000p\000t\000s}{section.2}% 6
\BOOKMARK [2][-]{subsection.2.2}{\376\377\000O\000S\000\040\000M\000a\000n\000a\000g\000e\000s\000\040\000R\000e\000s\000o\000u\000r\000c\000e\000s}{section.2}% 7
\BOOKMARK [2][-]{subsection.2.3}{\376\377\000P\000r\000o\000g\000r\000a\000m}{section.2}% 8
\BOOKMARK [2][-]{subsection.2.4}{\376\377\000P\000r\000o\000c\000e\000s\000s\000\040\000\050\000A\000b\000s\000t\000r\000a\000c\000t\000i\000o\000n\000\051}{section.2}% 9
\BOOKMARK [3][-]{subsubsection.2.4.1}{\376\377\000B\000a\000s\000i\000c\000\040\000R\000e\000q\000u\000i\000r\000e\000m\000e\000n\000t\000s\000\040\000f\000o\000r\000\040\000a\000\040\000P\000r\000o\000c\000e\000s\000s}{subsection.2.4}% 10
\BOOKMARK [2][-]{subsection.2.5}{\376\377\000P\000r\000o\000c\000e\000s\000s\000\040\000\050\000A\000b\000s\000t\000r\000a\000c\000t\000i\000o\000n\000\051}{section.2}% 11
\BOOKMARK [3][-]{subsubsection.2.5.1}{\376\377\000S\000t\000a\000t\000i\000c}{subsection.2.5}% 12
\BOOKMARK [3][-]{subsubsection.2.5.2}{\376\377\000M\000o\000t\000i\000v\000a\000t\000i\000o\000n\000\040\000f\000o\000r\000\040\000V\000i\000r\000t\000u\000a\000l\000i\000z\000a\000t\000i\000o\000n}{subsection.2.5}% 13
\BOOKMARK [3][-]{subsubsection.2.5.3}{\376\377\000D\000o\000e\000s\000\040\000t\000h\000e\000\040\000O\000S\000\040\000a\000l\000l\000o\000c\000a\000t\000e\000\040\000d\000i\000f\000f\000e\000r\000e\000n\000t\000\040\000s\000t\000a\000c\000k\000s\000\040\000f\000o\000r\000\040\000e\000a\000c\000h\000\040\000p\000r\000o\000c\000e\000s\000s\000?}{subsection.2.5}% 14
\BOOKMARK [3][-]{subsubsection.2.5.4}{\376\377\000W\000h\000a\000t\000\040\000a\000b\000o\000u\000t\000\040\000g\000l\000o\000b\000a\000l\000\040\000v\000a\000r\000i\000a\000b\000l\000e\000s\000?}{subsection.2.5}% 15
\BOOKMARK [3][-]{subsubsection.2.5.5}{\376\377\000P\000o\000t\000e\000n\000t\000i\000a\000l\000\040\000M\000e\000m\000o\000r\000y\000\040\000L\000a\000y\000o\000u\000t\000\040\000f\000o\000r\000\040\000M\000u\000l\000t\000i\000p\000l\000e\000\040\000P\000r\000o\000c\000e\000s\000s\000e\000s}{subsection.2.5}% 16
\BOOKMARK [1][-]{section.3}{\376\377\000K\000e\000r\000n\000e\000l\000s}{}% 17
\BOOKMARK [2][-]{subsection.3.1}{\376\377\000F\000i\000l\000e\000\040\000D\000e\000s\000c\000r\000i\000p\000t\000o\000r\000\040\000\050\000A\000b\000s\000t\000r\000a\000c\000t\000i\000o\000n\000\051}{section.3}% 18
\BOOKMARK [3][-]{subsubsection.3.1.1}{\376\377\000S\000y\000s\000t\000e\000m\000\040\000C\000a\000l\000l\000s\000\040\000M\000a\000k\000e\000\040\000R\000e\000q\000u\000e\000s\000t\000s\000\040\000t\000o\000\040\000t\000h\000e\000\040\000O\000p\000e\000r\000a\000t\000i\000n\000g\000\040\000S\000y\000s\000t\000e\000m}{subsection.3.1}% 19
\BOOKMARK [3][-]{subsubsection.3.1.2}{\376\377\000A\000P\000I\000\040\000T\000e\000l\000l\000s\000\040\000Y\000o\000u\000\040\000W\000h\000a\000t\000\040\000a\000n\000d\000\040\000A\000B\000I\000\040\000T\000e\000l\000l\000s\000\040\000Y\000o\000u\000\040\000H\000o\000w}{subsection.3.1}% 20
\BOOKMARK [2][-]{subsection.3.2}{\376\377\000P\000r\000o\000g\000r\000a\000m\000s\000\040\000o\000n\000\040\000L\000i\000n\000u\000x\000\040\000U\000s\000e\000\040\000t\000h\000e\000\040\000E\000L\000F\000\040\000F\000i\000l\000e\000r\000\040\000F\000o\000r\000m\000a\000t}{section.3}% 21
\BOOKMARK [3][-]{subsubsection.3.2.1}{\376\377\000B\000y\000t\000e\000s\000\040\000R\000e\000p\000r\000e\000s\000e\000n\000t\000\040\000a\000n\000\040\000E\000L\000F\000\040\000F\000i\000l\000e}{subsection.3.2}% 22
\BOOKMARK [2][-]{subsection.3.3}{\376\377\000K\000e\000r\000n\000e\000l\000s}{section.3}% 23
\BOOKMARK [2][-]{subsection.3.4}{\376\377\000S\000y\000s\000t\000e\000m\000\040\000C\000a\000l\000l\000s\000\040\000T\000r\000a\000n\000s\000i\000t\000i\000o\000n\000\040\000B\000e\000t\000w\000e\000e\000n\000\040\000U\000s\000e\000r\000\040\000a\000n\000d\000\040\000K\000e\000r\000n\000e\000l\000\040\000M\000o\000d\000e}{section.3}% 24
\BOOKMARK [2][-]{subsection.3.5}{\376\377\000S\000y\000s\000t\000e\000m\000\040\000C\000a\000l\000l\000s\000\040\000A\000r\000e\000\040\000T\000r\000a\000c\000e\000a\000b\000l\000e}{section.3}% 25
