\BOOKMARK [1][-]{section.1}{\376\377\000L\0001\000:\000\040\000P\000r\000o\000b\000a\000b\000i\000l\000i\000t\000y\000\040\000R\000e\000v\000i\000e\000w}{}% 1
\BOOKMARK [2][-]{subsection.1.1}{\376\377\000S\000a\000m\000p\000l\000e\000\040\000S\000p\000a\000c\000e}{section.1}% 2
\BOOKMARK [2][-]{subsection.1.2}{\376\377\000P\000r\000o\000b\000a\000b\000i\000l\000i\000t\000y\000\040\000D\000e\000f\000i\000n\000i\000t\000i\000o\000n\000s}{section.1}% 3
\BOOKMARK [2][-]{subsection.1.3}{\376\377\000A\000x\000i\000o\000m\000s\000\040\000o\000f\000\040\000P\000r\000o\000b\000a\000b\000i\000l\000i\000t\000y}{section.1}% 4
\BOOKMARK [2][-]{subsection.1.4}{\376\377\000C\000o\000n\000d\000i\000t\000i\000o\000n\000a\000l\000\040\000P\000r\000o\000b\000a\000b\000i\000l\000i\000t\000y}{section.1}% 5
\BOOKMARK [3][-]{subsubsection.1.4.1}{\376\377\000C\000o\000n\000s\000e\000q\000u\000e\000n\000c\000e\000s\000\040\000o\000f\000\040\000C\000o\000n\000d\000i\000t\000i\000o\000n\000a\000l\000\040\000P\000r\000o\000b\000a\000b\000i\000l\000i\000t\000y}{subsection.1.4}% 6
\BOOKMARK [3][-]{subsubsection.1.4.2}{\376\377\000I\000n\000d\000e\000p\000e\000n\000d\000e\000n\000c\000e}{subsection.1.4}% 7
\BOOKMARK [3][-]{subsubsection.1.4.3}{\376\377\000I\000m\000p\000o\000r\000t\000a\000n\000c\000e\000\040\000o\000f\000\040\000L\000a\000b\000e\000l\000l\000i\000n\000g}{subsection.1.4}% 8
\BOOKMARK [1][-]{section.2}{\376\377\000L\0002\000:\000\040\000P\000r\000o\000b\000a\000b\000i\000l\000i\000t\000y\000\040\000R\000e\000v\000i\000e\000w}{}% 9
\BOOKMARK [2][-]{subsection.2.1}{\376\377\000T\000o\000t\000a\000l\000\040\000P\000r\000o\000b\000a\000b\000i\000l\000i\000t\000y}{section.2}% 10
\BOOKMARK [2][-]{subsection.2.2}{\376\377\000B\000a\000y\000e\000s\000'\000\040\000R\000u\000l\000e}{section.2}% 11
\BOOKMARK [3][-]{subsubsection.2.2.1}{\376\377\000P\000o\000s\000t\000e\000r\000i\000o\000r\000i\000\040\000P\000r\000o\000b\000a\000b\000i\000l\000i\000t\000y\000,\000\040\000P\000r\000i\000o\000r\000i\000\040\000P\000r\000o\000b\000a\000b\000i\000l\000i\000t\000y\000\040\000\050\000P\000r\000i\000o\000r\000\051\000,\000\040\000L\000i\000k\000e\000l\000i\000h\000o\000o\000d}{subsection.2.2}% 12
\BOOKMARK [3][-]{subsubsection.2.2.2}{\376\377\000I\000n\000t\000e\000r\000p\000r\000e\000t\000a\000t\000i\000o\000n\000\040\000o\000f\000\040\000B\000a\000y\000e\000s\000'\000\040\000R\000u\000l\000e}{subsection.2.2}% 13
\BOOKMARK [2][-]{subsection.2.3}{\376\377\000R\000a\000n\000d\000o\000m\000\040\000V\000a\000r\000i\000a\000b\000l\000e\000s}{section.2}% 14
\BOOKMARK [2][-]{subsection.2.4}{\376\377\000D\000i\000s\000t\000r\000i\000b\000u\000t\000i\000o\000n\000\040\000o\000f\000\040\000R\000V}{section.2}% 15
\BOOKMARK [3][-]{subsubsection.2.4.1}{\376\377\000C\000u\000m\000u\000l\000a\000t\000i\000v\000e\000\040\000D\000i\000s\000t\000r\000i\000b\000u\000t\000i\000o\000n\000\040\000F\000u\000n\000c\000t\000i\000o\000n\000\040\000\050\000C\000D\000F\000\051\000\040\000o\000f\000\040\000R\000V}{subsection.2.4}% 16
\BOOKMARK [3][-]{subsubsection.2.4.2}{\376\377\000D\000i\000s\000c\000r\000e\000t\000e\000\040\000R\000V\000\040\000P\000r\000o\000b\000a\000b\000i\000l\000i\000t\000y\000\040\000M\000a\000s\000s\000\040\000F\000u\000n\000c\000t\000i\000o\000n\000\040\000\050\000P\000M\000F\000\051}{subsection.2.4}% 17
\BOOKMARK [3][-]{subsubsection.2.4.3}{\376\377\000C\000o\000n\000t\000i\000n\000u\000o\000u\000s\000\040\000R\000V\000\040\000P\000r\000o\000b\000a\000b\000i\000l\000i\000t\000y\000\040\000D\000e\000n\000s\000i\000t\000y\000\040\000F\000u\000n\000c\000t\000i\000o\000n\000\040\000\050\000P\000D\000F\000\051}{subsection.2.4}% 18
\BOOKMARK [3][-]{subsubsection.2.4.4}{\376\377\000C\000o\000n\000d\000i\000t\000i\000o\000n\000a\000l\000\040\000P\000M\000F\000/\000P\000D\000F}{subsection.2.4}% 19
\BOOKMARK [2][-]{subsection.2.5}{\376\377\000E\000x\000p\000e\000c\000t\000e\000d\000\040\000V\000a\000l\000u\000e\000s}{section.2}% 20
\BOOKMARK [1][-]{section.3}{\376\377\000L\0003\000:\000\040\000P\000r\000o\000b\000a\000b\000i\000l\000i\000t\000y\000\040\000R\000e\000v\000i\000e\000w}{}% 21
\BOOKMARK [2][-]{subsection.3.1}{\376\377\0002\000\040\000R\000V\000s}{section.3}% 22
\BOOKMARK [2][-]{subsection.3.2}{\376\377\000J\000o\000i\000n\000t\000\040\000P\000M\000F\000/\000P\000D\000F}{section.3}% 23
\BOOKMARK [2][-]{subsection.3.3}{\376\377\000E\000x\000p\000e\000c\000t\000a\000t\000i\000o\000n\000s}{section.3}% 24
\BOOKMARK [3][-]{subsubsection.3.3.1}{\376\377\000C\000o\000r\000r\000e\000l\000a\000t\000i\000o\000n}{subsection.3.3}% 25
\BOOKMARK [3][-]{subsubsection.3.3.2}{\376\377\000C\000o\000v\000a\000r\000i\000a\000n\000c\000e}{subsection.3.3}% 26
\BOOKMARK [3][-]{subsubsection.3.3.3}{\376\377\000C\000o\000r\000r\000e\000l\000a\000t\000i\000o\000n\000\040\000C\000o\000e\000f\000f\000i\000c\000i\000e\000n\000t}{subsection.3.3}% 27
\BOOKMARK [2][-]{subsection.3.4}{\376\377\000M\000a\000r\000g\000i\000n\000a\000l\000\040\000P\000M\000F\000/\000P\000D\000F}{section.3}% 28
\BOOKMARK [2][-]{subsection.3.5}{\376\377\000C\000o\000n\000d\000i\000t\000i\000o\000n\000a\000l\000\040\000P\000M\000F\000/\000P\000D\000F}{section.3}% 29
\BOOKMARK [2][-]{subsection.3.6}{\376\377\000B\000a\000y\000e\000s\000'\000\040\000R\000u\000l\000e}{section.3}% 30
\BOOKMARK [2][-]{subsection.3.7}{\376\377\000I\000n\000d\000e\000p\000e\000n\000d\000e\000n\000t\000\040\000v\000s\000.\000\040\000U\000n\000c\000o\000r\000r\000e\000l\000a\000t\000e\000d\000\040\000v\000s\000.\000\040\000O\000r\000t\000h\000o\000g\000o\000n\000a\000l}{section.3}% 31
\BOOKMARK [2][-]{subsection.3.8}{\376\377\000C\000o\000n\000d\000i\000t\000i\000o\000n\000a\000l\000\040\000E\000x\000p\000e\000c\000t\000a\000t\000i\000o\000n}{section.3}% 32
\BOOKMARK [1][-]{section.4}{\376\377\000L\0004\000:\000\040\000E\000s\000t\000i\000m\000a\000t\000i\000o\000n\000\040\000o\000f\000\040\000S\000a\000m\000p\000l\000e\000\040\000M\000e\000a\000n}{}% 33
\BOOKMARK [2][-]{subsection.4.1}{\376\377\000P\000a\000r\000a\000m\000e\000t\000e\000r\000\040\000E\000s\000t\000i\000m\000a\000t\000i\000o\000n\000:}{section.4}% 34
\BOOKMARK [2][-]{subsection.4.2}{\376\377\000E\000s\000t\000i\000m\000a\000t\000o\000r\000:}{section.4}% 35
\BOOKMARK [3][-]{subsubsection.4.2.1}{\376\377\000E\000s\000t\000i\000m\000a\000t\000i\000o\000n\000\040\000E\000r\000r\000o\000r\000:}{subsection.4.2}% 36
\BOOKMARK [3][-]{subsubsection.4.2.2}{\376\377\000U\000n\000b\000i\000a\000s\000e\000d}{subsection.4.2}% 37
\BOOKMARK [3][-]{subsubsection.4.2.3}{\376\377\000C\000o\000n\000s\000i\000s\000t\000e\000n\000t}{subsection.4.2}% 38
\BOOKMARK [2][-]{subsection.4.3}{\376\377\000S\000a\000m\000p\000l\000e\000\040\000M\000e\000a\000n\000\040\000\046\000\040\000L\000a\000w\000\040\000o\000f\000\040\000L\000a\000r\000g\000e\000\040\000N\000u\000m\000b\000e\000r\000s}{section.4}% 39
\BOOKMARK [3][-]{subsubsection.4.3.1}{\376\377\000D\000i\000g\000r\000e\000s\000s\000i\000o\000n\000\040\000f\000o\000r\000\040\000S\000u\000m\000\040\000o\000f\000\040\000R\000V\000s\000\040\000\050\000n\000o\000t\000\040\000n\000e\000c\000e\000s\000s\000a\000r\000i\000l\000y\000\040\000i\000n\000d\000e\000p\000e\000n\000d\000e\000n\000t\000\040\000o\000r\000\040\000i\000d\000e\000n\000t\000i\000c\000a\000l\000l\000y\000\040\000d\000i\000s\000t\000r\000i\000b\000u\000t\000e\000d\000\051}{subsection.4.3}% 40
\BOOKMARK [3][-]{subsubsection.4.3.2}{\376\377\000U\000n\000b\000i\000a\000s\000e\000d\000\040\000\050\000i\000.\000i\000.\000d\000.\000\051}{subsection.4.3}% 41
\BOOKMARK [3][-]{subsubsection.4.3.3}{\376\377\000C\000o\000n\000s\000i\000s\000t\000e\000n\000t\000\040\000\050\000i\000.\000i\000.\000d\000.\000\051}{subsection.4.3}% 42
\BOOKMARK [3][-]{subsubsection.4.3.4}{\376\377\000W\000e\000a\000k\000\040\000L\000a\000w\000\040\000o\000f\000\040\000L\000a\000r\000g\000e\000\040\000N\000u\000m\000b\000e\000r\000s}{subsection.4.3}% 43
\BOOKMARK [3][-]{subsubsection.4.3.5}{\376\377\000C\000o\000n\000f\000i\000d\000e\000n\000c\000e\000\040\000I\000n\000t\000e\000r\000v\000a\000l\000:\000\040\000F\000i\000n\000d\000i\000n\000g\000\040\000n}{subsection.4.3}% 44
\BOOKMARK [1][-]{section.5}{\376\377\000L\0005\000:\000\040\000S\000a\000m\000p\000l\000e\000\040\000M\000e\000a\000n\000\040\000a\000n\000d\000\040\000M\000a\000x\000i\000m\000u\000m\000\040\000L\000i\000k\000e\000l\000i\000h\000o\000o\000d\000\040\000E\000s\000t\000i\000m\000a\000t\000i\000o\000n}{}% 45
\BOOKMARK [2][-]{subsection.5.1}{\376\377\000M\000a\000x\000i\000m\000u\000m\000\040\000L\000i\000k\000e\000l\000i\000h\000o\000o\000d\000\040\000E\000s\000t\000i\000m\000a\000t\000i\000o\000n}{section.5}% 46
\BOOKMARK [3][-]{subsubsection.5.1.1}{\376\377\000L\000o\000g\000-\000L\000i\000k\000e\000l\000i\000h\000o\000o\000d}{subsection.5.1}% 47
\BOOKMARK [1][-]{section.6}{\376\377\000L\0006\000:\000\040\000M\000a\000x\000i\000m\000u\000m\000\040\000L\000i\000k\000e\000l\000i\000h\000o\000o\000d\000\040\000a\000n\000d\000\040\000L\000a\000p\000l\000a\000c\000e}{}% 48
