\BOOKMARK [1][-]{section.1}{\376\377\000P\000r\000o\000b\000l\000e\000m\000\040\0001\000:\000\040\000D\000e\000s\000c\000r\000i\000p\000t\000i\000o\000n\000\040\000o\000f\000\040\000t\000h\000e\000\040\000P\000r\000o\000b\000l\000e\000m\000,\000\040\000S\000u\000b\000s\000c\000r\000i\000b\000e\000\040\000a\000\040\000M\000L\000/\000N\000N\000\040\000B\000a\000s\000e\000d\000\040\000S\000o\000l\000u\000t\000i\000o\000n}{}% 1
\BOOKMARK [1][-]{section.2}{\376\377\000P\000r\000o\000b\000l\000e\000m\000\040\0002\000:\000\040\000P\000r\000e\000s\000c\000r\000i\000b\000e\000\040\000a\000\040\000s\000t\000r\000a\000t\000e\000g\000y\000\040\000t\000o\000\040\000o\000p\000t\000i\000m\000i\000z\000e\000\040\000t\000h\000e\000\040\000N\000N\000.}{}% 2
\BOOKMARK [1][-]{section.3}{\376\377\000P\000r\000o\000b\000l\000e\000m\000\040\0003\000:\000\040\000E\000x\000p\000l\000a\000i\000n\000\040\000s\000t\000e\000p\000\040\000b\000y\000\040\000s\000t\000e\000p\000\040\000i\000n\000f\000e\000r\000e\000n\000c\000e\000\040\000f\000o\000r\000\040\000b\000a\000s\000i\000c\000\040\000a\000l\000g\000o\000r\000i\000t\000h\000m\000s\000\040\000\050\000M\000L\000P\000,\000\040\000C\000N\000N\000,\000\040\000G\000N\000N\000,\000\040\000a\000t\000t\000e\000n\000t\000i\000o\000n\000\040\000m\000e\000c\000h\000a\000n\000i\000s\000m\000\051\000\040\000i\000n\000\040\000t\000e\000r\000m\000s\000\040\000o\000f\000\040\000n\000u\000m\000p\000y\000\040\000o\000r\000\040\000b\000a\000s\000i\000c\000\040\000t\000e\000n\000s\000o\000r\000\040\000o\000p\000e\000r\000a\000t\000i\000o\000n\000s\000.}{}% 3
\BOOKMARK [1][-]{section.4}{\376\377\000P\000r\000o\000b\000l\000e\000m\000\040\0004\000:\000\040\000B\000e\000\040\000a\000b\000l\000e\000\040\000t\000o\000\040\000e\000x\000p\000l\000a\000i\000n\000\040\000w\000h\000y\000\040\000s\000u\000c\000h\000\040\000a\000\040\000s\000o\000l\000u\000t\000i\000o\000n\000\040\000m\000i\000g\000h\000t\000\040\000w\000o\000r\000k\000\040\000o\000r\000\040\000f\000a\000i\000l\000.}{}% 4
\BOOKMARK [1][-]{section.5}{\376\377\000L\000e\000a\000r\000n\000i\000n\000g\000\040\000r\000e\000p\000r\000e\000s\000e\000n\000t\000a\000t\000i\000o\000n\000s\000\040\000o\000f\000\040\000d\000a\000t\000a}{}% 5
\BOOKMARK [2][-]{subsubsection.5.0.1}{\376\377\000A\000I\000/\000M\000I\000/\000M\000L\000/\000D\000L}{section.5}% 6
\BOOKMARK [2][-]{subsection.5.1}{\376\377\000L\000e\000a\000r\000n\000i\000n\000g\000\040\000a\000l\000g\000o\000r\000i\000t\000h\000m\000s}{section.5}% 7
\BOOKMARK [2][-]{subsection.5.2}{\376\377\000R\000e\000p\000r\000e\000s\000e\000n\000t\000i\000n\000g\000\040\000d\000a\000t\000a\000\040\000a\000s\000\040\000t\000e\000n\000s\000o\000r\000s}{section.5}% 8
\BOOKMARK [2][-]{subsection.5.3}{\376\377\000L\000i\000n\000e\000a\000r\000\040\000m\000o\000d\000e\000l\000s}{section.5}% 9
\BOOKMARK [3][-]{subsubsection.5.3.1}{\376\377\000L\000i\000n\000e\000a\000r\000\040\000R\000e\000g\000r\000e\000s\000s\000i\000o\000n}{subsection.5.3}% 10
\BOOKMARK [3][-]{subsubsection.5.3.2}{\376\377\000G\000e\000n\000e\000r\000a\000l\000i\000z\000e\000d\000\040\000L\000i\000n\000e\000a\000r\000\040\000M\000o\000d\000e\000l\000s}{subsection.5.3}% 11
\BOOKMARK [2][-]{subsection.5.4}{\376\377\000R\000e\000p\000r\000e\000s\000e\000n\000t\000a\000t\000i\000o\000n\000s}{section.5}% 12
\BOOKMARK [1][-]{section.6}{\376\377\000N\000e\000u\000r\000a\000l\000\040\000n\000e\000t\000w\000o\000r\000k\000s}{}% 13
\BOOKMARK [2][-]{subsection.6.1}{\376\377\0002\000-\000l\000a\000y\000e\000r\000\040\000M\000L\000P}{section.6}% 14
\BOOKMARK [2][-]{subsection.6.2}{\376\377\000G\000e\000o\000m\000e\000t\000r\000i\000c\000\040\000i\000n\000t\000u\000i\000t\000i\000o\000n}{section.6}% 15
\BOOKMARK [3][-]{subsubsection.6.2.1}{\376\377\000D\000e\000c\000i\000s\000i\000o\000n\000\040\000s\000u\000r\000f\000a\000c\000e\000s}{subsection.6.2}% 16
\BOOKMARK [3][-]{subsubsection.6.2.2}{\376\377\000L\000i\000n\000e\000a\000r\000\040\000T\000r\000a\000n\000s\000f\000o\000r\000m\000a\000t\000i\000o\000n}{subsection.6.2}% 17
\BOOKMARK [3][-]{subsubsection.6.2.3}{\376\377\000S\000V\000D\000\040\000o\000f\000\040\000L\000i\000n\000e\000a\000r\000\040\000T\000r\000a\000n\000s\000f\000o\000r\000m\000a\000t\000i\000o\000n}{subsection.6.2}% 18
\BOOKMARK [3][-]{subsubsection.6.2.4}{\376\377\000A\000f\000f\000i\000n\000e\000\040\000T\000r\000a\000n\000s\000f\000o\000r\000m\000a\000t\000i\000o\000n}{subsection.6.2}% 19
\BOOKMARK [3][-]{subsubsection.6.2.5}{\376\377\000R\000e\000L\000U}{subsection.6.2}% 20
\BOOKMARK [3][-]{subsubsection.6.2.6}{\376\377\000N\000e\000u\000r\000a\000l\000\040\000n\000e\000t\000s}{subsection.6.2}% 21
\BOOKMARK [2][-]{subsection.6.3}{\376\377\000E\000n\000c\000o\000d\000e\000r\000-\000D\000e\000c\000o\000d\000e\000r\000\040\000v\000i\000e\000w}{section.6}% 22
\BOOKMARK [3][-]{subsubsection.6.3.1}{\376\377\000S\000u\000p\000e\000r\000v\000i\000s\000e\000d\000\040\000L\000e\000a\000r\000n\000i\000n\000g}{subsection.6.3}% 23
\BOOKMARK [3][-]{subsubsection.6.3.2}{\376\377\000U\000n\000s\000u\000p\000e\000r\000v\000i\000s\000e\000d\000\040\000L\000e\000a\000r\000n\000i\000n\000g\000\040\000\050\000P\000C\000A\000\051}{subsection.6.3}% 24
\BOOKMARK [3][-]{subsubsection.6.3.3}{\376\377\000L\000a\000t\000e\000n\000t\000\040\000S\000p\000a\000c\000e}{subsection.6.3}% 25
\BOOKMARK [2][-]{subsection.6.4}{\376\377\000T\000y\000p\000i\000c\000a\000l\000\040\000M\000L\000\040\000P\000i\000p\000e\000l\000i\000n\000e}{section.6}% 26
\BOOKMARK [1][-]{section.7}{\376\377\000M\000a\000t\000h\000\040\000S\000y\000m\000b\000o\000l\000s}{}% 27
\BOOKMARK [1][-]{section.8}{\376\377\000M\000L\000P\000\040\000A\000r\000c\000h\000i\000t\000e\000c\000t\000u\000r\000e}{}% 28
\BOOKMARK [2][-]{subsection.8.1}{\376\377\000L\000a\000y\000e\000r\000s}{section.8}% 29
\BOOKMARK [3][-]{subsubsection.8.1.1}{\376\377\000H\000y\000p\000e\000r\000p\000a\000r\000a\000m\000e\000t\000e\000r\000\040\000C\000h\000o\000i\000c\000e\000s\000\040\000f\000o\000r\000\040\000a\000\040\000S\000i\000n\000g\000l\000e\000\040\000M\000L\000P}{subsection.8.1}% 30
\BOOKMARK [2][-]{subsection.8.2}{\376\377\000A\000c\000t\000i\000v\000a\000t\000i\000o\000n\000\040\000f\000u\000n\000c\000t\000i\000o\000n\000s}{section.8}% 31
\BOOKMARK [2][-]{subsection.8.3}{\376\377\000O\000u\000t\000p\000u\000t\000s}{section.8}% 32
\BOOKMARK [3][-]{subsubsection.8.3.1}{\376\377\000I\000n\000d\000u\000c\000t\000i\000v\000e\000\040\000B\000i\000a\000s\000\040\000\050\000L\000e\000a\000r\000n\000i\000n\000g\000\040\000B\000i\000a\000s\000\051}{subsection.8.3}% 33
\BOOKMARK [3][-]{subsubsection.8.3.2}{\376\377\000M\000a\000x\000i\000m\000u\000m\000\040\000L\000i\000k\000e\000l\000i\000h\000o\000o\000d\000\040\000E\000s\000t\000i\000m\000a\000t\000i\000o\000n\000\040\000\050\000M\000L\000E\000\051}{subsection.8.3}% 34
\BOOKMARK [3][-]{subsubsection.8.3.3}{\376\377\000U\000s\000e\000f\000u\000l\000\040\000T\000r\000i\000c\000k\000\040\000i\000n\000\040\000D\000L}{subsection.8.3}% 35
\BOOKMARK [3][-]{subsubsection.8.3.4}{\376\377\000R\000e\000g\000r\000e\000s\000s\000i\000o\000n\000\040\000-\000\040\000G\000a\000u\000s\000s\000i\000a\000n\000\040\000D\000i\000s\000t\000r\000i\000b\000u\000t\000i\000o\000n}{subsection.8.3}% 36
\BOOKMARK [3][-]{subsubsection.8.3.5}{\376\377\000M\000a\000s\000k\000i\000n\000g\000:\000\040\000O\000m\000i\000t\000\040\000d\000a\000t\000a\000\040\000w\000h\000e\000n\000\040\000m\000i\000s\000s\000i\000n\000g\000\040\000o\000r\000\040\000N\000A}{subsection.8.3}% 37
\BOOKMARK [3][-]{subsubsection.8.3.6}{\376\377\000B\000i\000n\000a\000r\000y\000\040\000C\000l\000a\000s\000s\000i\000f\000i\000c\000a\000t\000i\000o\000n\000\040\000-\000\040\000B\000i\000n\000o\000m\000i\000a\000l\000\040\000D\000i\000s\000t\000r\000i\000b\000u\000t\000i\000o\000n}{subsection.8.3}% 38
\BOOKMARK [3][-]{subsubsection.8.3.7}{\376\377\000M\000u\000l\000t\000i\000l\000a\000b\000e\000l\000\040\000C\000l\000a\000s\000s\000i\000f\000i\000c\000a\000t\000i\000o\000n\000\040\000-\000\040\000N\000-\000d\000i\000m\000\040\000B\000i\000n\000o\000m\000i\000a\000l\000\040\000D\000i\000s\000t\000r\000i\000b\000u\000t\000i\000o\000n}{subsection.8.3}% 39
\BOOKMARK [3][-]{subsubsection.8.3.8}{\376\377\000M\000u\000l\000t\000i\000c\000l\000a\000s\000s\000\040\000C\000l\000a\000s\000s\000i\000f\000i\000c\000a\000t\000i\000o\000n\000\040\000-\000\040\000M\000u\000l\000t\000i\000n\000o\000m\000i\000a\000l\000\040\000D\000i\000s\000t\000r\000i\000b\000u\000t\000i\000o\000n}{subsection.8.3}% 40
\BOOKMARK [3][-]{subsubsection.8.3.9}{\376\377\000O\000r\000d\000i\000n\000a\000l\000\040\000C\000l\000a\000s\000s\000i\000f\000i\000c\000a\000t\000i\000o\000n}{subsection.8.3}% 41
\BOOKMARK [3][-]{subsubsection.8.3.10}{\376\377\000Z\000e\000r\000o\000-\000I\000n\000f\000l\000a\000t\000e\000d\000\040\000D\000i\000s\000t\000r\000i\000b\000u\000t\000i\000o\000n}{subsection.8.3}% 42
\BOOKMARK [1][-]{section.9}{\376\377\000L\000e\000a\000r\000n\000i\000n\000g}{}% 43
\BOOKMARK [2][-]{subsection.9.1}{\376\377\000O\000p\000t\000i\000m\000i\000z\000a\000t\000i\000o\000n}{section.9}% 44
\BOOKMARK [3][-]{subsubsection.9.1.1}{\376\377\000G\000r\000a\000d\000i\000e\000n\000t\000\040\000D\000e\000s\000c\000e\000n\000t\000:\000\040\000"\000R\000o\000l\000l\000i\000n\000g\000\040\000D\000o\000w\000n\000h\000i\000l\000l\000"}{subsection.9.1}% 45
\BOOKMARK [2][-]{subsection.9.2}{\376\377\000B\000a\000c\000k\000p\000r\000o\000p\000a\000g\000a\000t\000i\000o\000n\000:\000\040\000F\000o\000r\000w\000a\000r\000d\000\040\000a\000n\000d\000\040\000B\000a\000c\000k\000w\000a\000r\000d\000\040\000P\000a\000s\000s\000e\000s}{section.9}% 46
\BOOKMARK [1][-]{section.10}{\376\377\000C\000h\000a\000l\000l\000e\000n\000g\000e\000s\000\040\000i\000n\000\040\000N\000N\000\040\000T\000r\000a\000i\000n\000i\000n\000g}{}% 47
\BOOKMARK [1][-]{section.11}{\376\377\000D\000a\000t\000a}{}% 48
\BOOKMARK [1][-]{section.12}{\376\377\000E\000v\000a\000l\000u\000a\000t\000i\000o\000n}{}% 49
\BOOKMARK [1][-]{section.13}{\376\377\000O\000p\000t\000i\000m\000i\000z\000a\000t\000i\000o\000n\000\040\000/\000\040\000T\000r\000a\000i\000n\000i\000n\000g}{}% 50
\BOOKMARK [1][-]{section.14}{\376\377\000R\000e\000g\000u\000l\000a\000r\000i\000z\000a\000t\000i\000o\000n\000\040\000\046\000\040\000M\000o\000d\000e\000l\000l\000i\000n\000g}{}% 51
\BOOKMARK [1][-]{section.15}{\376\377\000E\000x\000p\000e\000r\000i\000m\000e\000n\000t\000s}{}% 52
\BOOKMARK [1][-]{section.16}{\376\377\000B\000l\000a\000c\000k\000b\000o\000x\000\040\000O\000p\000t\000i\000m\000i\000z\000a\000t\000i\000o\000n}{}% 53
\BOOKMARK [2][-]{subsection.16.1}{\376\377\000P\000a\000r\000a\000m\000e\000t\000e\000r\000s\000\040\000\046\000\040\000H\000y\000p\000e\000r\000p\000a\000r\000a\000m\000e\000t\000e\000r\000s}{section.16}% 54
\BOOKMARK [1][-]{section.17}{\376\377\000B\000a\000y\000e\000s\000i\000a\000n\000\040\000O\000p\000t\000i\000m\000i\000z\000a\000t\000i\000o\000n}{}% 55
\BOOKMARK [2][-]{subsection.17.1}{\376\377\000S\000u\000r\000r\000o\000g\000a\000t\000e\000\040\000M\000o\000d\000e\000l}{section.17}% 56
\BOOKMARK [3][-]{subsubsection.17.1.1}{\376\377\000A\000c\000q\000u\000i\000s\000i\000t\000i\000o\000n\000\040\000F\000u\000n\000c\000t\000i\000o\000n}{subsection.17.1}% 57
\BOOKMARK [2][-]{subsection.17.2}{\376\377\000B\000a\000y\000e\000s\000O\000p\000t\000\040\000L\000o\000o\000p}{section.17}% 58
\BOOKMARK [1][-]{section.18}{\376\377\000A\000u\000t\000o\000e\000n\000c\000o\000d\000e\000r\000s}{}% 59
\BOOKMARK [2][-]{subsection.18.1}{\376\377\000P\000C\000A}{section.18}% 60
\BOOKMARK [3][-]{subsubsection.18.1.1}{\376\377\000P\000C\000A\000\040\000L\000i\000m\000i\000t\000a\000t\000i\000o\000n\000s}{subsection.18.1}% 61
\BOOKMARK [2][-]{subsection.18.2}{\376\377\000A\000E\000:\000\040\000N\000o\000n\000-\000L\000i\000n\000e\000a\000r\000\040\000D\000i\000m\000e\000n\000s\000i\000o\000n\000a\000l\000i\000t\000y\000\040\000R\000e\000d\000u\000c\000t\000i\000o\000n}{section.18}% 62
\BOOKMARK [2][-]{subsection.18.3}{\376\377\000L\000o\000s\000s\000\040\000F\000u\000n\000c\000t\000i\000o\000n\000\040\000o\000f\000\040\000a\000n\000\040\000A\000E}{section.18}% 63
\BOOKMARK [2][-]{subsection.18.4}{\376\377\000D\000i\000f\000f\000e\000r\000e\000n\000t\000\040\000T\000y\000p\000e\000s\000\040\000o\000f\000\040\000A\000E\000s}{section.18}% 64
\BOOKMARK [3][-]{subsubsection.18.4.1}{\376\377\000S\000p\000a\000r\000s\000e\000\040\000A\000u\000t\000o\000e\000n\000c\000o\000d\000e\000r\000s\000\040\000\050\000S\000A\000E\000s\000\051\000:\000\040\000F\000e\000a\000t\000u\000r\000e\000\040\000S\000e\000l\000e\000c\000t\000i\000o\000n}{subsection.18.4}% 65
\BOOKMARK [3][-]{subsubsection.18.4.2}{\376\377\000D\000e\000n\000o\000i\000s\000i\000n\000g\000\040\000A\000u\000t\000o\000e\000n\000c\000o\000d\000e\000r\000s\000\040\000\050\000D\000A\000E\000s\000\051\000:\000\040\000R\000o\000b\000u\000s\000t\000\040\000F\000e\000a\000t\000u\000r\000e\000s}{subsection.18.4}% 66
\BOOKMARK [2][-]{subsection.18.5}{\376\377\000A\000n\000o\000m\000a\000l\000y\000\040\000D\000e\000t\000e\000c\000t\000i\000o\000n\000\040\000w\000i\000t\000h\000\040\000A\000E\000s\000:\000\040\000D\000e\000t\000e\000c\000t\000i\000n\000g\000\040\000O\000u\000t\000l\000i\000e\000r\000s}{section.18}% 67
\BOOKMARK [2][-]{subsection.18.6}{\376\377\000L\000a\000t\000e\000n\000t\000\040\000S\000p\000a\000c\000e\000\040\000o\000f\000\040\000A\000E\000s}{section.18}% 68
\BOOKMARK [1][-]{section.19}{\376\377\000V\000a\000r\000i\000a\000t\000i\000o\000n\000a\000l\000\040\000A\000u\000t\000o\000e\000n\000c\000o\000d\000e\000r\000s\000\040\000\050\000V\000A\000E\000s\000\051\000:\000\040\000A\000\040\000P\000r\000o\000b\000a\000b\000i\000l\000i\000s\000t\000i\000c\000\040\000A\000p\000p\000r\000o\000a\000c\000h}{}% 69
\BOOKMARK [2][-]{subsection.19.1}{\376\377\000V\000A\000E\000'\000s\000\040\000E\000n\000c\000o\000d\000e\000r\000\040\000a\000n\000d\000\040\000D\000e\000c\000o\000d\000e\000r}{section.19}% 70
\BOOKMARK [3][-]{subsubsection.19.1.1}{\376\377\000R\000e\000p\000a\000r\000a\000m\000e\000t\000e\000r\000i\000z\000a\000t\000i\000o\000n\000\040\000T\000r\000i\000c\000k}{subsection.19.1}% 71
\BOOKMARK [2][-]{subsection.19.2}{\376\377\000V\000A\000E\000'\000s\000\040\000L\000o\000s\000s\000\040\000F\000u\000n\000c\000t\000i\000o\000n\000:\000\040\000R\000e\000c\000o\000n\000s\000t\000r\000u\000c\000t\000i\000o\000n\000\040\000a\000n\000d\000\040\000K\000L\000\040\000D\000i\000v\000e\000r\000g\000e\000n\000c\000e}{section.19}% 72
\BOOKMARK [2][-]{subsection.19.3}{\376\377\000V\000A\000E\000\040\000a\000r\000e\000\040\000g\000e\000n\000e\000r\000a\000t\000i\000v\000e\000\040\000m\000o\000d\000e\000l\000s}{section.19}% 73
\BOOKMARK [1][-]{section.20}{\376\377\000R\000e\000p\000r\000e\000s\000e\000n\000t\000a\000t\000i\000o\000n\000\040\000L\000e\000a\000r\000n\000i\000n\000g}{}% 74
\BOOKMARK [2][-]{subsection.20.1}{\376\377\000C\000o\000s\000i\000n\000e\000\040\000D\000i\000s\000t\000a\000n\000c\000e\000:\000\040\000A\000\040\000M\000e\000t\000r\000i\000c\000\040\000f\000o\000r\000\040\000H\000i\000g\000h\000\040\000D\000i\000m\000e\000n\000s\000i\000o\000n\000s}{section.20}% 75
\BOOKMARK [2][-]{subsection.20.2}{\376\377\000M\000a\000n\000i\000f\000o\000l\000d\000\040\000H\000y\000p\000o\000t\000h\000e\000s\000i\000s\000:\000\040\000D\000a\000t\000a\000\040\000i\000n\000\040\000L\000o\000w\000\040\000D\000i\000m\000e\000n\000s\000i\000o\000n\000s}{section.20}% 76
\BOOKMARK [2][-]{subsection.20.3}{\376\377\000H\000i\000e\000r\000a\000r\000c\000h\000i\000c\000a\000l\000\040\000O\000r\000g\000a\000n\000i\000z\000a\000t\000i\000o\000n\000\040\000i\000n\000\040\000N\000N\000\040\000D\000e\000p\000t\000h}{section.20}% 77
\BOOKMARK [2][-]{subsection.20.4}{\376\377\000C\000o\000n\000t\000r\000a\000s\000t\000i\000v\000e\000\040\000L\000e\000a\000r\000n\000i\000n\000g}{section.20}% 78
\BOOKMARK [1][-]{section.21}{\376\377\000S\000o\000f\000t\000w\000a\000r\000e\000\040\000E\000n\000g\000i\000n\000e\000e\000r\000i\000n\000g}{}% 79
\BOOKMARK [2][-]{subsection.21.1}{\376\377\000C\000o\000d\000e\000\040\000R\000e\000a\000d\000a\000b\000i\000l\000i\000t\000y\000\040\000M\000a\000t\000t\000e\000r\000s}{section.21}% 80
\BOOKMARK [2][-]{subsection.21.2}{\376\377\000S\000t\000y\000l\000e\000\040\000G\000u\000i\000d\000e\000s}{section.21}% 81
\BOOKMARK [1][-]{section.22}{\376\377\000C\000o\000d\000i\000n\000g\000\040\000M\000a\000n\000t\000r\000a\000s\000\040\000/\000\040\000I\000d\000e\000a\000s}{}% 82
\BOOKMARK [2][-]{subsection.22.1}{\376\377\000Z\000e\000n\000\040\000o\000f\000\040\000P\000y\000t\000h\000o\000n}{section.22}% 83
\BOOKMARK [2][-]{subsection.22.2}{\376\377\000K\000I\000S\000S\000:\000\040\000K\000e\000e\000p\000\040\000I\000t\000\040\000S\000i\000m\000p\000l\000e\000\040\000a\000n\000d\000\040\000S\000t\000r\000a\000i\000g\000h\000t\000f\000o\000r\000w\000a\000r\000d}{section.22}% 84
\BOOKMARK [2][-]{subsection.22.3}{\376\377\000Y\000A\000G\000N\000I\000:\000\040\000Y\000o\000u\000\040\000A\000r\000e\000n\000'\000t\000\040\000G\000o\000n\000n\000a\000\040\000N\000e\000e\000d\000\040\000I\000t}{section.22}% 85
\BOOKMARK [2][-]{subsection.22.4}{\376\377\000P\000r\000i\000n\000c\000i\000p\000l\000e\000\040\000o\000f\000\040\000D\000R\000Y\000\040\000a\000n\000d\000\040\000W\000E\000T\000\040\000a\000n\000d\000\040\000D\000A\000M\000P}{section.22}% 86
\BOOKMARK [1][-]{section.23}{\376\377\000I\000n\000t\000o\000\040\000T\000h\000e\000\040\000W\000e\000e\000d\000s\000\040\000\050\000T\000e\000c\000h\000n\000i\000c\000a\000l\000\040\000D\000e\000t\000a\000i\000l\000s\000\051}{}% 87
\BOOKMARK [2][-]{subsection.23.1}{\376\377\000P\000y\000t\000h\000o\000n\000\040\000D\000a\000t\000a\000\040\000C\000o\000n\000t\000a\000i\000n\000e\000r\000s\000\040\000O\000v\000e\000r\000v\000i\000e\000w}{section.23}% 88
\BOOKMARK [2][-]{subsection.23.2}{\376\377\000L\000i\000s\000t\000\040\000C\000o\000m\000p\000r\000e\000h\000e\000n\000s\000i\000o\000n\000s}{section.23}% 89
\BOOKMARK [2][-]{subsection.23.3}{\376\377\000L\000e\000v\000e\000r\000a\000g\000i\000n\000g\000\040\000S\000e\000t\000\040\000D\000a\000t\000a\000\040\000S\000t\000r\000u\000c\000t\000u\000r\000e\000s\000:\000\040\000S\000e\000t}{section.23}% 90
\BOOKMARK [2][-]{subsection.23.4}{\376\377\000D\000i\000c\000t\000i\000o\000n\000a\000r\000i\000e\000s\000\040\000f\000o\000r\000\040\000K\000e\000y\000-\000V\000a\000l\000u\000e\000\040\000P\000a\000i\000r\000s}{section.23}% 91
\BOOKMARK [2][-]{subsection.23.5}{\376\377\000I\000t\000e\000r\000t\000o\000o\000l\000s\000\040\000f\000o\000r\000\040\000E\000f\000f\000i\000c\000i\000e\000n\000t\000\040\000I\000t\000e\000r\000a\000t\000i\000o\000n}{section.23}% 92
\BOOKMARK [2][-]{subsection.23.6}{\376\377\000F\000u\000n\000c\000t\000o\000o\000l\000s\000\040\000f\000o\000r\000\040\000F\000u\000n\000c\000t\000i\000o\000n\000a\000l\000\040\000T\000o\000o\000l\000s}{section.23}% 93
\BOOKMARK [2][-]{subsection.23.7}{\376\377\000A\000b\000s\000t\000r\000a\000c\000t\000\040\000B\000a\000s\000e\000\040\000C\000l\000a\000s\000s\000e\000s\000\040\000\050\000A\000B\000C\000s\000\051}{section.23}% 94
\BOOKMARK [2][-]{subsection.23.8}{\376\377\000D\000a\000t\000a\000c\000l\000a\000s\000s\000e\000s\000\040\000f\000o\000r\000\040\000D\000a\000t\000a\000\040\000S\000t\000o\000r\000a\000g\000e}{section.23}% 95
\BOOKMARK [2][-]{subsection.23.9}{\376\377\000P\000y\000t\000h\000o\000n\000\040\000T\000y\000p\000i\000n\000g\000\040\000P\000r\000o\000v\000i\000d\000e\000s\000\040\000H\000i\000n\000t\000s}{section.23}% 96
\BOOKMARK [2][-]{subsection.23.10}{\376\377\000T\000e\000n\000s\000o\000r\000\040\000T\000y\000p\000i\000n\000g\000:\000\040\000j\000a\000x\000t\000y\000p\000i\000n\000g}{section.23}% 97
\BOOKMARK [2][-]{subsection.23.11}{\376\377\000p\000y\000t\000e\000s\000t\000:\000\040\000H\000e\000l\000p\000s\000\040\000y\000o\000u\000\040\000w\000r\000i\000t\000e\000\040\000b\000e\000t\000t\000e\000r\000\040\000p\000r\000o\000g\000r\000a\000m\000s}{section.23}% 98
