\BOOKMARK [1][-]{section.1}{\376\377\000O\000p\000e\000r\000a\000t\000i\000n\000g\000\040\000S\000y\000s\000t\000e\000m\000\040\000S\000t\000r\000u\000c\000t\000u\000r\000e}{}% 1
\BOOKMARK [2][-]{subsection.1.1}{\376\377\000U\000s\000e\000f\000u\000l\000\040\000T\000e\000r\000m\000i\000n\000a\000l\000\040\000C\000o\000m\000m\000a\000n\000d\000s}{section.1}% 2
\BOOKMARK [2][-]{subsection.1.2}{\376\377\000P\000r\000o\000g\000r\000a\000m\000:}{section.1}% 3
\BOOKMARK [2][-]{subsection.1.3}{\376\377\000P\000r\000o\000c\000e\000s\000s\000:}{section.1}% 4
\BOOKMARK [3][-]{subsubsection.1.3.1}{\376\377\000W\000h\000a\000t\000\040\000h\000a\000p\000p\000e\000n\000s\000\040\000t\000o\000\040\000g\000l\000o\000b\000a\000l\000\040\000v\000a\000r\000i\000a\000b\000l\000e\000s\000\040\000w\000h\000e\000n\000\040\000y\000o\000u\000\040\000c\000o\000m\000p\000i\000l\000e\000?}{subsection.1.3}% 5
\BOOKMARK [3][-]{subsubsection.1.3.2}{\376\377\000W\000h\000a\000t\000\040\000h\000a\000p\000p\000e\000n\000s\000\040\000i\000f\000\040\000t\000w\000o\000\040\000p\000r\000o\000c\000e\000s\000s\000e\000s\000\040\000r\000u\000n\000\040\000t\000h\000e\000\040\000s\000a\000m\000e\000\040\000p\000r\000o\000g\000r\000a\000m\000?}{subsection.1.3}% 6
\BOOKMARK [2][-]{subsection.1.4}{\376\377\000F\000i\000l\000e\000\040\000D\000e\000s\000c\000r\000i\000p\000t\000o\000r\000:}{section.1}% 7
\BOOKMARK [2][-]{subsection.1.5}{\376\377\000S\000y\000s\000t\000e\000m\000\040\000C\000a\000l\000l\000s}{section.1}% 8
\BOOKMARK [3][-]{subsubsection.1.5.1}{\376\377\000S\000y\000s\000t\000e\000m\000\040\000C\000a\000l\000l\000s\000\040\000M\000a\000k\000e\000\040\000R\000e\000q\000u\000e\000s\000t\000s\000\040\000t\000o\000\040\000t\000h\000e\000\040\000O\000p\000e\000r\000a\000t\000i\000n\000g\000\040\000S\000y\000s\000t\000e\000m}{subsection.1.5}% 9
\BOOKMARK [2][-]{subsection.1.6}{\376\377\000A\000P\000I\000\040\000a\000n\000d\000\040\000A\000B\000I}{section.1}% 10
\BOOKMARK [2][-]{subsection.1.7}{\376\377\000M\000a\000g\000i\000c}{section.1}% 11
\BOOKMARK [3][-]{subsubsection.1.7.1}{\376\377\000P\000r\000o\000g\000r\000a\000m\000s\000\040\000o\000n\000\040\000L\000i\000n\000u\000x\000\040\000U\000s\000e\000\040\000t\000h\000e\000\040\000E\000L\000F\000\040\000F\000i\000l\000e\000\040\000F\000o\000r\000m\000a\000t}{subsection.1.7}% 12
\BOOKMARK [2][-]{subsection.1.8}{\376\377\000K\000e\000r\000n\000e\000l}{section.1}% 13
\BOOKMARK [3][-]{subsubsection.1.8.1}{\376\377\000K\000e\000r\000n\000e\000l\000\040\000M\000o\000d\000e}{subsection.1.8}% 14
\BOOKMARK [3][-]{subsubsection.1.8.2}{\376\377\000L\000e\000v\000e\000l\000s\000\040\000o\000f\000\040\000P\000r\000i\000v\000e\000l\000e\000g\000e}{subsection.1.8}% 15
\BOOKMARK [3][-]{subsubsection.1.8.3}{\376\377\000S\000y\000s\000t\000e\000m\000\040\000C\000a\000l\000l\000s\000\040\000T\000r\000a\000n\000s\000i\000t\000i\000o\000n\000\040\000B\000e\000t\000w\000e\000e\000n\000\040\000U\000s\000e\000r\000\040\000a\000n\000d\000\040\000K\000e\000r\000n\000e\000l\000\040\000M\000o\000d\000e}{subsection.1.8}% 16
\BOOKMARK [3][-]{subsubsection.1.8.4}{\376\377\000D\000i\000f\000f\000e\000r\000e\000n\000t\000\040\000T\000p\000y\000e\000s\000\040\000o\000f\000\040\000K\000e\000r\000n\000e\000l\000\040\000A\000r\000c\000h\000i\000t\000e\000c\000t\000u\000r\000e\000s}{subsection.1.8}% 17
\BOOKMARK [1][-]{section.2}{\376\377\000V\000i\000r\000t\000u\000a\000l\000i\000z\000a\000t\000i\000o\000n}{}% 18
\BOOKMARK [1][-]{section.3}{\376\377\000C\000o\000n\000c\000u\000r\000r\000e\000n\000c\000y}{}% 19
\BOOKMARK [1][-]{section.4}{\376\377\000P\000e\000r\000s\000i\000s\000t\000e\000n\000c\000e}{}% 20
